<?xml version="1.0" encoding="UTF-8"?>
<!-- Generated by org.testng.reporters.JUnitReportReporter -->
<testsuite skipped="0" hostname="Parvez-Home" name="com.restapi.statuses.UserTimeLineResponseTest" tests="2" failures="0" timestamp="20 Apr 2018 15:08:22 GMT" time="0.808" errors="0">
  <testcase name="resposeTweet" time="0.354" classname="com.restapi.statuses.UserTimeLineResponseTest"/>
  <testcase name="readTweets" time="0.454" classname="com.restapi.statuses.UserTimeLineResponseTest"/>
</testsuite> <!-- com.restapi.statuses.UserTimeLineResponseTest -->
