<?xml version="1.0" encoding="UTF-8"?>
<!-- Generated by org.testng.reporters.JUnitReportReporter -->
<testsuite skipped="0" hostname="Parvez-Home" name="com.restapi.statuses.UserTimeLineTest" tests="1" failures="0" timestamp="20 Apr 2018 15:09:25 GMT" time="1.405" errors="0">
  <testcase name="readTweets" time="1.405" classname="com.restapi.statuses.UserTimeLineTest"/>
</testsuite> <!-- com.restapi.statuses.UserTimeLineTest -->
