<?xml version="1.0" encoding="UTF-8"?>
<!-- Generated by org.testng.reporters.JUnitReportReporter -->
<testsuite skipped="0" hostname="Parvez-Home" name="com.restapi.statuses.EndToEnd" tests="3" failures="0" timestamp="20 Apr 2018 15:08:22 GMT" time="1.095" errors="0">
  <testcase name="readTweet" time="0.341" classname="com.restapi.statuses.EndToEnd"/>
  <testcase name="postTweet" time="0.444" classname="com.restapi.statuses.EndToEnd"/>
  <testcase name="deleteATweet" time="0.310" classname="com.restapi.statuses.EndToEnd"/>
</testsuite> <!-- com.restapi.statuses.EndToEnd -->
